2026-01-30 00:39:04 - src.agents.summary_agent - INFO - ğŸ”„ SummaryAgent: Starting to consolidate analyses.
2026-01-30 00:39:04 - src.agents.summary_agent - INFO - ğŸ”„ SummaryAgent: Using model choice: api
2026-01-30 00:39:04 - src.agents.summary_agent - INFO - ğŸ”„ SummaryAgent: Using OpenAI API...
2026-01-30 00:39:04 - src.agents.summary_agent - INFO - ğŸ”„ SummaryAgent: Creating ChatOpenAI with model deepseek-chat
2026-01-30 00:41:43 - src.agents.summary_agent - ERROR - âœ— SummaryAgent: Error generating final report: Connection error.
Traceback (most recent call last):
  File "C:\ProgramData\anaconda3\Lib\site-packages\httpx\_transports\default.py", line 101, in map_httpcore_exceptions
    yield
  File "C:\ProgramData\anaconda3\Lib\site-packages\httpx\_transports\default.py", line 271, in __aiter__
    async for part in self._httpcore_stream:
  File "C:\ProgramData\anaconda3\Lib\site-packages\httpcore\_async\connection_pool.py", line 407, in __aiter__
    raise exc from None
  File "C:\ProgramData\anaconda3\Lib\site-packages\httpcore\_async\connection_pool.py", line 403, in __aiter__
    async for part in self._stream:
  File "C:\ProgramData\anaconda3\Lib\site-packages\httpcore\_async\http11.py", line 342, in __aiter__
    raise exc
  File "C:\ProgramData\anaconda3\Lib\site-packages\httpcore\_async\http11.py", line 334, in __aiter__
    async for chunk in self._connection._receive_response_body(**kwargs):
  File "C:\ProgramData\anaconda3\Lib\site-packages\httpcore\_async\http11.py", line 203, in _receive_response_body
    event = await self._receive_event(timeout=timeout)
            ^^^^^^^^^^^^^^^^^^^^^^^^^^^^^^^^^^^^^^^^^^
  File "C:\ProgramData\anaconda3\Lib\site-packages\httpcore\_async\http11.py", line 213, in _receive_event
    with map_exceptions({h11.RemoteProtocolError: RemoteProtocolError}):
  File "C:\ProgramData\anaconda3\Lib\contextlib.py", line 155, in __exit__
    self.gen.throw(typ, value, traceback)
  File "C:\ProgramData\anaconda3\Lib\site-packages\httpcore\_exceptions.py", line 14, in map_exceptions
    raise to_exc(exc) from exc
httpcore.RemoteProtocolError: peer closed connection without sending complete message body (incomplete chunked read)

The above exception was the direct cause of the following exception:

Traceback (most recent call last):
  File "C:\ProgramData\anaconda3\Lib\site-packages\openai\_base_client.py", line 1529, in request
    response = await self._client.send(
               ^^^^^^^^^^^^^^^^^^^^^^^^
  File "C:\ProgramData\anaconda3\Lib\site-packages\httpx\_client.py", line 1643, in send
    raise exc
  File "C:\ProgramData\anaconda3\Lib\site-packages\httpx\_client.py", line 1637, in send
    await response.aread()
  File "C:\ProgramData\anaconda3\Lib\site-packages\httpx\_models.py", line 979, in aread
    self._content = b"".join([part async for part in self.aiter_bytes()])
                             ^^^^^^^^^^^^^^^^^^^^^^^^^^^^^^^^^^^^^^^^^^^
  File "C:\ProgramData\anaconda3\Lib\site-packages\httpx\_models.py", line 979, in <listcomp>
    self._content = b"".join([part async for part in self.aiter_bytes()])
                             ^^^^^^^^^^^^^^^^^^^^^^^^^^^^^^^^^^^^^^^^^^^
  File "C:\ProgramData\anaconda3\Lib\site-packages\httpx\_models.py", line 997, in aiter_bytes
    async for raw_bytes in self.aiter_raw():
  File "C:\ProgramData\anaconda3\Lib\site-packages\httpx\_models.py", line 1055, in aiter_raw
    async for raw_stream_bytes in self.stream:
  File "C:\ProgramData\anaconda3\Lib\site-packages\httpx\_client.py", line 176, in __aiter__
    async for chunk in self._stream:
  File "C:\ProgramData\anaconda3\Lib\site-packages\httpx\_transports\default.py", line 270, in __aiter__
    with map_httpcore_exceptions():
  File "C:\ProgramData\anaconda3\Lib\contextlib.py", line 155, in __exit__
    self.gen.throw(typ, value, traceback)
  File "C:\ProgramData\anaconda3\Lib\site-packages\httpx\_transports\default.py", line 118, in map_httpcore_exceptions
    raise mapped_exc(message) from exc
httpx.RemoteProtocolError: peer closed connection without sending complete message body (incomplete chunked read)

The above exception was the direct cause of the following exception:

Traceback (most recent call last):
  File "c:\Users\nings\Downloads\è‚¡ç¥¨æŠ•èµ„é¡¾é—®Agent\Finance\Financial-MCP-Agent\src\agents\summary_agent.py", line 414, in summary_agent
    llm_message = await llm.ainvoke(summary_prompt_messages)
                  ^^^^^^^^^^^^^^^^^^^^^^^^^^^^^^^^^^^^^^^^^^
  File "C:\ProgramData\anaconda3\Lib\site-packages\langchain_core\language_models\chat_models.py", line 405, in ainvoke
    llm_result = await self.agenerate_prompt(
                 ^^^^^^^^^^^^^^^^^^^^^^^^^^^^
  File "C:\ProgramData\anaconda3\Lib\site-packages\langchain_core\language_models\chat_models.py", line 1017, in agenerate_prompt
    return await self.agenerate(
           ^^^^^^^^^^^^^^^^^^^^^
  File "C:\ProgramData\anaconda3\Lib\site-packages\langchain_core\language_models\chat_models.py", line 975, in agenerate
    raise exceptions[0]
  File "C:\ProgramData\anaconda3\Lib\site-packages\langchain_core\language_models\chat_models.py", line 1145, in _agenerate_with_cache
    result = await self._agenerate(
             ^^^^^^^^^^^^^^^^^^^^^^
  File "C:\ProgramData\anaconda3\Lib\site-packages\langchain_openai\chat_models\base.py", line 1414, in _agenerate
    response = await self.async_client.create(**payload)
               ^^^^^^^^^^^^^^^^^^^^^^^^^^^^^^^^^^^^^^^^^
  File "C:\ProgramData\anaconda3\Lib\site-packages\openai\resources\chat\completions\completions.py", line 2585, in create
    return await self._post(
           ^^^^^^^^^^^^^^^^^
  File "C:\ProgramData\anaconda3\Lib\site-packages\openai\_base_client.py", line 1794, in post
    return await self.request(cast_to, opts, stream=stream, stream_cls=stream_cls)
           ^^^^^^^^^^^^^^^^^^^^^^^^^^^^^^^^^^^^^^^^^^^^^^^^^^^^^^^^^^^^^^^^^^^^^^^
  File "C:\ProgramData\anaconda3\Lib\site-packages\openai\_base_client.py", line 1561, in request
    raise APIConnectionError(request=request) from err
openai.APIConnectionError: Connection error.
2026-01-30 00:41:43 - src.agents.summary_agent - INFO - âœ— SummaryAgent: Error report saved to c:\Users\nings\Downloads\è‚¡ç¥¨æŠ•èµ„é¡¾é—®Agent\Finance\Financial-MCP-Agent\reports\error_report_èŒ…å°_600519_20260130_004143.md
2026-01-30 12:59:29 - src.agents.summary_agent - INFO - ğŸ”„ SummaryAgent: Starting to consolidate analyses.
2026-01-30 12:59:29 - src.agents.summary_agent - INFO - ğŸ”„ SummaryAgent: Using model choice: api
2026-01-30 12:59:29 - src.agents.summary_agent - INFO - ğŸ”„ SummaryAgent: Using OpenAI API...
2026-01-30 12:59:29 - src.agents.summary_agent - INFO - ğŸ”„ SummaryAgent: Creating ChatOpenAI with model deepseek-chat
2026-01-30 13:02:15 - src.agents.summary_agent - ERROR - âœ— SummaryAgent: Error generating final report: Connection error.
Traceback (most recent call last):
  File "C:\ProgramData\anaconda3\Lib\site-packages\httpx\_transports\default.py", line 101, in map_httpcore_exceptions
    yield
  File "C:\ProgramData\anaconda3\Lib\site-packages\httpx\_transports\default.py", line 271, in __aiter__
    async for part in self._httpcore_stream:
  File "C:\ProgramData\anaconda3\Lib\site-packages\httpcore\_async\connection_pool.py", line 407, in __aiter__
    raise exc from None
  File "C:\ProgramData\anaconda3\Lib\site-packages\httpcore\_async\connection_pool.py", line 403, in __aiter__
    async for part in self._stream:
  File "C:\ProgramData\anaconda3\Lib\site-packages\httpcore\_async\http11.py", line 342, in __aiter__
    raise exc
  File "C:\ProgramData\anaconda3\Lib\site-packages\httpcore\_async\http11.py", line 334, in __aiter__
    async for chunk in self._connection._receive_response_body(**kwargs):
  File "C:\ProgramData\anaconda3\Lib\site-packages\httpcore\_async\http11.py", line 203, in _receive_response_body
    event = await self._receive_event(timeout=timeout)
            ^^^^^^^^^^^^^^^^^^^^^^^^^^^^^^^^^^^^^^^^^^
  File "C:\ProgramData\anaconda3\Lib\site-packages\httpcore\_async\http11.py", line 213, in _receive_event
    with map_exceptions({h11.RemoteProtocolError: RemoteProtocolError}):
  File "C:\ProgramData\anaconda3\Lib\contextlib.py", line 155, in __exit__
    self.gen.throw(typ, value, traceback)
  File "C:\ProgramData\anaconda3\Lib\site-packages\httpcore\_exceptions.py", line 14, in map_exceptions
    raise to_exc(exc) from exc
httpcore.RemoteProtocolError: peer closed connection without sending complete message body (incomplete chunked read)

The above exception was the direct cause of the following exception:

Traceback (most recent call last):
  File "C:\ProgramData\anaconda3\Lib\site-packages\openai\_base_client.py", line 1529, in request
    response = await self._client.send(
               ^^^^^^^^^^^^^^^^^^^^^^^^
  File "C:\ProgramData\anaconda3\Lib\site-packages\httpx\_client.py", line 1643, in send
    raise exc
  File "C:\ProgramData\anaconda3\Lib\site-packages\httpx\_client.py", line 1637, in send
    await response.aread()
  File "C:\ProgramData\anaconda3\Lib\site-packages\httpx\_models.py", line 979, in aread
    self._content = b"".join([part async for part in self.aiter_bytes()])
                             ^^^^^^^^^^^^^^^^^^^^^^^^^^^^^^^^^^^^^^^^^^^
  File "C:\ProgramData\anaconda3\Lib\site-packages\httpx\_models.py", line 979, in <listcomp>
    self._content = b"".join([part async for part in self.aiter_bytes()])
                             ^^^^^^^^^^^^^^^^^^^^^^^^^^^^^^^^^^^^^^^^^^^
  File "C:\ProgramData\anaconda3\Lib\site-packages\httpx\_models.py", line 997, in aiter_bytes
    async for raw_bytes in self.aiter_raw():
  File "C:\ProgramData\anaconda3\Lib\site-packages\httpx\_models.py", line 1055, in aiter_raw
    async for raw_stream_bytes in self.stream:
  File "C:\ProgramData\anaconda3\Lib\site-packages\httpx\_client.py", line 176, in __aiter__
    async for chunk in self._stream:
  File "C:\ProgramData\anaconda3\Lib\site-packages\httpx\_transports\default.py", line 270, in __aiter__
    with map_httpcore_exceptions():
  File "C:\ProgramData\anaconda3\Lib\contextlib.py", line 155, in __exit__
    self.gen.throw(typ, value, traceback)
  File "C:\ProgramData\anaconda3\Lib\site-packages\httpx\_transports\default.py", line 118, in map_httpcore_exceptions
    raise mapped_exc(message) from exc
httpx.RemoteProtocolError: peer closed connection without sending complete message body (incomplete chunked read)

The above exception was the direct cause of the following exception:

Traceback (most recent call last):
  File "c:\Users\nings\Downloads\è‚¡ç¥¨æŠ•èµ„é¡¾é—®Agent\Finance\Financial-MCP-Agent\src\agents\summary_agent.py", line 414, in summary_agent
    llm_message = await llm.ainvoke(summary_prompt_messages)
                  ^^^^^^^^^^^^^^^^^^^^^^^^^^^^^^^^^^^^^^^^^^
  File "C:\ProgramData\anaconda3\Lib\site-packages\langchain_core\language_models\chat_models.py", line 405, in ainvoke
    llm_result = await self.agenerate_prompt(
                 ^^^^^^^^^^^^^^^^^^^^^^^^^^^^
  File "C:\ProgramData\anaconda3\Lib\site-packages\langchain_core\language_models\chat_models.py", line 1017, in agenerate_prompt
    return await self.agenerate(
           ^^^^^^^^^^^^^^^^^^^^^
  File "C:\ProgramData\anaconda3\Lib\site-packages\langchain_core\language_models\chat_models.py", line 975, in agenerate
    raise exceptions[0]
  File "C:\ProgramData\anaconda3\Lib\site-packages\langchain_core\language_models\chat_models.py", line 1145, in _agenerate_with_cache
    result = await self._agenerate(
             ^^^^^^^^^^^^^^^^^^^^^^
  File "C:\ProgramData\anaconda3\Lib\site-packages\langchain_openai\chat_models\base.py", line 1414, in _agenerate
    response = await self.async_client.create(**payload)
               ^^^^^^^^^^^^^^^^^^^^^^^^^^^^^^^^^^^^^^^^^
  File "C:\ProgramData\anaconda3\Lib\site-packages\openai\resources\chat\completions\completions.py", line 2585, in create
    return await self._post(
           ^^^^^^^^^^^^^^^^^
  File "C:\ProgramData\anaconda3\Lib\site-packages\openai\_base_client.py", line 1794, in post
    return await self.request(cast_to, opts, stream=stream, stream_cls=stream_cls)
           ^^^^^^^^^^^^^^^^^^^^^^^^^^^^^^^^^^^^^^^^^^^^^^^^^^^^^^^^^^^^^^^^^^^^^^^
  File "C:\ProgramData\anaconda3\Lib\site-packages\openai\_base_client.py", line 1561, in request
    raise APIConnectionError(request=request) from err
openai.APIConnectionError: Connection error.
2026-01-30 13:02:16 - src.agents.summary_agent - INFO - âœ— SummaryAgent: Error report saved to c:\Users\nings\Downloads\è‚¡ç¥¨æŠ•èµ„é¡¾é—®Agent\Finance\Financial-MCP-Agent\reports\error_report_æ¯”äºšè¿ª_002594_20260130_130216.md
2026-01-31 13:26:30 - src.agents.summary_agent - INFO - ğŸ”„ SummaryAgent: Starting to consolidate analyses.
2026-01-31 13:26:30 - src.agents.summary_agent - INFO - ğŸ”„ SummaryAgent: Using model choice: api
2026-01-31 13:26:30 - src.agents.summary_agent - INFO - ğŸ”„ SummaryAgent: Using OpenAI API...
2026-01-31 13:26:30 - src.agents.summary_agent - INFO - ğŸ”„ SummaryAgent: Creating ChatOpenAI with model deepseek-chat
2026-01-31 13:28:28 - src.agents.summary_agent - INFO - æˆªæ–­æŠ¥å‘Šåœ¨'åˆ†æåŸºå‡†æ—¶é—´'è¡Œä¹‹åï¼Œæˆªæ–­ä½ç½®: 73
2026-01-31 13:28:28 - src.agents.summary_agent - INFO - âœ“ SummaryAgent: Final report generated for èŒ…å° (sh.600519).
2026-01-31 13:28:28 - src.agents.summary_agent - DEBUG - Final report preview: # è´µå·èŒ…å° (sh.600519) ç»¼åˆåˆ†ææŠ¥å‘Š

**åˆ†æåŸºå‡†æ—¶é—´ï¼š2026å¹´01æœˆ31æ—¥ (2026-01-31) æ˜ŸæœŸå…­ 13:26:28**...
2026-01-31 13:28:28 - src.agents.summary_agent - INFO - âœ“ SummaryAgent: Report saved to C:\Users\nings\Downloads\è‚¡ç¥¨æŠ•èµ„é¡¾é—®Agent\Finance\Financial-MCP-Agent\reports\report_èŒ…å°_600519_20260131_132828.md
2026-01-31 15:47:38 - src.agents.summary_agent - INFO - ğŸ”„ SummaryAgent: Starting to consolidate analyses.
2026-01-31 15:47:38 - src.agents.summary_agent - INFO - ğŸ”„ SummaryAgent: Using model choice: api
2026-01-31 15:47:38 - src.agents.summary_agent - INFO - ğŸ”„ SummaryAgent: Using OpenAI API...
2026-01-31 15:47:38 - src.agents.summary_agent - INFO - ğŸ”„ SummaryAgent: Creating ChatOpenAI with model deepseek-chat
2026-01-31 15:48:31 - src.agents.summary_agent - INFO - æˆªæ–­æŠ¥å‘Šåœ¨'åˆ†æåŸºå‡†æ—¶é—´'è¡Œä¹‹åï¼Œæˆªæ–­ä½ç½®: 2939
2026-01-31 15:48:31 - src.agents.summary_agent - INFO - âœ“ SummaryAgent: Final report generated for èŒ…å° (sh.600519).
2026-01-31 15:48:31 - src.agents.summary_agent - DEBUG - Final report preview: # è´µå·èŒ…å° (sh.600519) ç»¼åˆåˆ†ææŠ¥å‘Š

**åˆ†æåŸºå‡†æ—¥æœŸï¼š2026å¹´01æœˆ31æ—¥ (2026-01-31) æ˜ŸæœŸå…­ 15:47:36**

## æ‰§è¡Œæ‘˜è¦
åŸºäºå½“å‰ï¼ˆ2026å¹´1æœˆ31æ—¥ï¼‰çš„åˆ†æï¼Œç”±äºæ— æ³•è·å–è´µå·èŒ…å°æœ€æ–°çš„åŸºæœ¬é¢ã€æŠ€æœ¯é¢ã€ä¼°å€¼åŠæ–°é—»æ•°æ®ï¼Œæœ¬æŠ¥å‘Šæ— æ³•æä¾›åŸºäºé‡åŒ–æ•°æ®çš„ç²¾ç¡®æŠ•èµ„å»ºè®®ã€‚è´µå·èŒ…å°ä½œä¸ºä¸­å›½é«˜ç«¯ç™½é…’çš„ç»å¯¹é¾™å¤´ï¼Œå…¶å“ç‰ŒæŠ¤åŸæ²³æ·±åšã€å•†ä¸šæ¨¡å¼ä¼˜ç§€ï¼Œé•¿æœŸæŠ•èµ„ä»·å€¼è¢«å¸‚åœºå¹¿æ³›è®¤å¯ã€‚ç„¶è€Œï¼Œåœ¨ç¼ºä¹æœ€æ–°è´¢åŠ¡æ•°æ®ã€è‚¡ä»·èµ°åŠ¿ã€ä¼°å€¼æ°´å¹³å’Œå¸‚åœºæƒ…ç»ªä¿¡æ¯çš„æƒ…å†µä¸‹ï¼Œä»»ä½•æŠ•èµ„å†³ç­–éƒ½é¢ä¸´æé«˜çš„ä¸ç¡®å®šæ€§ã€‚**é£é™©ç­‰çº§ï¼šæ— æ³•è¯„ä¼°ï¼ˆå› æ•°æ®ç¼ºå¤±ï¼‰ã€‚é¢„æœŸå›æŠ¥ï¼šæ— æ³•è¯„ä¼°ã€‚** æŠ•èµ„è€…åœ¨å†³ç­–å‰ï¼Œå¿…é¡»è‡ªè¡Œè·å–...
2026-01-31 15:48:31 - src.agents.summary_agent - INFO - âœ“ SummaryAgent: Report saved to C:\Users\nings\Downloads\è‚¡ç¥¨æŠ•èµ„é¡¾é—®Agent\Finance\Financial-MCP-Agent\reports\report_èŒ…å°_600519_20260131_154831.md
2026-01-31 15:50:23 - src.agents.summary_agent - INFO - ğŸ”„ SummaryAgent: Starting to consolidate analyses.
2026-01-31 15:50:23 - src.agents.summary_agent - INFO - ğŸ”„ SummaryAgent: Using model choice: api
2026-01-31 15:50:23 - src.agents.summary_agent - INFO - ğŸ”„ SummaryAgent: Using OpenAI API...
2026-01-31 15:50:23 - src.agents.summary_agent - INFO - ğŸ”„ SummaryAgent: Creating ChatOpenAI with model deepseek-chat
2026-01-31 15:51:15 - src.agents.summary_agent - INFO - æˆªæ–­æŠ¥å‘Šåœ¨æ—¶é—´ä¿¡æ¯è¡Œä¹‹åï¼Œæˆªæ–­ä½ç½®: 75
2026-01-31 15:51:15 - src.agents.summary_agent - INFO - âœ“ SummaryAgent: Final report generated for èŒ…å° (sh.600519).
2026-01-31 15:51:15 - src.agents.summary_agent - DEBUG - Final report preview: # è´µå·èŒ…å° (sh.600519) ç»¼åˆåˆ†ææŠ¥å‘Š

**åˆ†æåŸºå‡†æ—¥æœŸï¼š2026å¹´01æœˆ31æ—¥ (2026-01-31) æ˜ŸæœŸå…­ 15:50:21**...
2026-01-31 15:51:15 - src.agents.summary_agent - INFO - âœ“ SummaryAgent: Report saved to C:\Users\nings\Downloads\è‚¡ç¥¨æŠ•èµ„é¡¾é—®Agent\Finance\Financial-MCP-Agent\reports\report_èŒ…å°_600519_20260131_155115.md
2026-01-31 16:09:18 - src.agents.summary_agent - INFO - ğŸ”„ SummaryAgent: Starting to consolidate analyses.
2026-01-31 16:09:18 - src.agents.summary_agent - INFO - ğŸ”„ SummaryAgent: Using model choice: api
2026-01-31 16:09:18 - src.agents.summary_agent - INFO - ğŸ”„ SummaryAgent: Using OpenAI API...
2026-01-31 16:09:18 - src.agents.summary_agent - INFO - ğŸ”„ SummaryAgent: Creating ChatOpenAI with model deepseek-chat
2026-01-31 16:12:06 - src.agents.summary_agent - ERROR - âœ— SummaryAgent: Error generating final report: Connection error.
Traceback (most recent call last):
  File "C:\ProgramData\anaconda3\Lib\site-packages\httpx\_transports\default.py", line 101, in map_httpcore_exceptions
    yield
  File "C:\ProgramData\anaconda3\Lib\site-packages\httpx\_transports\default.py", line 271, in __aiter__
    async for part in self._httpcore_stream:
  File "C:\ProgramData\anaconda3\Lib\site-packages\httpcore\_async\connection_pool.py", line 407, in __aiter__
    raise exc from None
  File "C:\ProgramData\anaconda3\Lib\site-packages\httpcore\_async\connection_pool.py", line 403, in __aiter__
    async for part in self._stream:
  File "C:\ProgramData\anaconda3\Lib\site-packages\httpcore\_async\http11.py", line 342, in __aiter__
    raise exc
  File "C:\ProgramData\anaconda3\Lib\site-packages\httpcore\_async\http11.py", line 334, in __aiter__
    async for chunk in self._connection._receive_response_body(**kwargs):
  File "C:\ProgramData\anaconda3\Lib\site-packages\httpcore\_async\http11.py", line 203, in _receive_response_body
    event = await self._receive_event(timeout=timeout)
            ^^^^^^^^^^^^^^^^^^^^^^^^^^^^^^^^^^^^^^^^^^
  File "C:\ProgramData\anaconda3\Lib\site-packages\httpcore\_async\http11.py", line 213, in _receive_event
    with map_exceptions({h11.RemoteProtocolError: RemoteProtocolError}):
  File "C:\ProgramData\anaconda3\Lib\contextlib.py", line 155, in __exit__
    self.gen.throw(typ, value, traceback)
  File "C:\ProgramData\anaconda3\Lib\site-packages\httpcore\_exceptions.py", line 14, in map_exceptions
    raise to_exc(exc) from exc
httpcore.RemoteProtocolError: peer closed connection without sending complete message body (incomplete chunked read)

The above exception was the direct cause of the following exception:

Traceback (most recent call last):
  File "C:\ProgramData\anaconda3\Lib\site-packages\openai\_base_client.py", line 1529, in request
    response = await self._client.send(
               ^^^^^^^^^^^^^^^^^^^^^^^^
  File "C:\ProgramData\anaconda3\Lib\site-packages\httpx\_client.py", line 1643, in send
    raise exc
  File "C:\ProgramData\anaconda3\Lib\site-packages\httpx\_client.py", line 1637, in send
    await response.aread()
  File "C:\ProgramData\anaconda3\Lib\site-packages\httpx\_models.py", line 979, in aread
    self._content = b"".join([part async for part in self.aiter_bytes()])
                             ^^^^^^^^^^^^^^^^^^^^^^^^^^^^^^^^^^^^^^^^^^^
  File "C:\ProgramData\anaconda3\Lib\site-packages\httpx\_models.py", line 979, in <listcomp>
    self._content = b"".join([part async for part in self.aiter_bytes()])
                             ^^^^^^^^^^^^^^^^^^^^^^^^^^^^^^^^^^^^^^^^^^^
  File "C:\ProgramData\anaconda3\Lib\site-packages\httpx\_models.py", line 997, in aiter_bytes
    async for raw_bytes in self.aiter_raw():
  File "C:\ProgramData\anaconda3\Lib\site-packages\httpx\_models.py", line 1055, in aiter_raw
    async for raw_stream_bytes in self.stream:
  File "C:\ProgramData\anaconda3\Lib\site-packages\httpx\_client.py", line 176, in __aiter__
    async for chunk in self._stream:
  File "C:\ProgramData\anaconda3\Lib\site-packages\httpx\_transports\default.py", line 270, in __aiter__
    with map_httpcore_exceptions():
  File "C:\ProgramData\anaconda3\Lib\contextlib.py", line 155, in __exit__
    self.gen.throw(typ, value, traceback)
  File "C:\ProgramData\anaconda3\Lib\site-packages\httpx\_transports\default.py", line 118, in map_httpcore_exceptions
    raise mapped_exc(message) from exc
httpx.RemoteProtocolError: peer closed connection without sending complete message body (incomplete chunked read)

The above exception was the direct cause of the following exception:

Traceback (most recent call last):
  File "C:\Users\nings\Downloads\è‚¡ç¥¨æŠ•èµ„é¡¾é—®Agent\Finance\Financial-MCP-Agent\src\agents\summary_agent.py", line 414, in summary_agent
    llm_message = await llm.ainvoke(summary_prompt_messages)
                  ^^^^^^^^^^^^^^^^^^^^^^^^^^^^^^^^^^^^^^^^^^
  File "C:\ProgramData\anaconda3\Lib\site-packages\langchain_core\language_models\chat_models.py", line 405, in ainvoke
    llm_result = await self.agenerate_prompt(
                 ^^^^^^^^^^^^^^^^^^^^^^^^^^^^
  File "C:\ProgramData\anaconda3\Lib\site-packages\langchain_core\language_models\chat_models.py", line 1017, in agenerate_prompt
    return await self.agenerate(
           ^^^^^^^^^^^^^^^^^^^^^
  File "C:\ProgramData\anaconda3\Lib\site-packages\langchain_core\language_models\chat_models.py", line 975, in agenerate
    raise exceptions[0]
  File "C:\ProgramData\anaconda3\Lib\site-packages\langchain_core\language_models\chat_models.py", line 1145, in _agenerate_with_cache
    result = await self._agenerate(
             ^^^^^^^^^^^^^^^^^^^^^^
  File "C:\ProgramData\anaconda3\Lib\site-packages\langchain_openai\chat_models\base.py", line 1414, in _agenerate
    response = await self.async_client.create(**payload)
               ^^^^^^^^^^^^^^^^^^^^^^^^^^^^^^^^^^^^^^^^^
  File "C:\ProgramData\anaconda3\Lib\site-packages\openai\resources\chat\completions\completions.py", line 2585, in create
    return await self._post(
           ^^^^^^^^^^^^^^^^^
  File "C:\ProgramData\anaconda3\Lib\site-packages\openai\_base_client.py", line 1794, in post
    return await self.request(cast_to, opts, stream=stream, stream_cls=stream_cls)
           ^^^^^^^^^^^^^^^^^^^^^^^^^^^^^^^^^^^^^^^^^^^^^^^^^^^^^^^^^^^^^^^^^^^^^^^
  File "C:\ProgramData\anaconda3\Lib\site-packages\openai\_base_client.py", line 1561, in request
    raise APIConnectionError(request=request) from err
openai.APIConnectionError: Connection error.
2026-01-31 16:12:06 - src.agents.summary_agent - INFO - âœ— SummaryAgent: Error report saved to C:\Users\nings\Downloads\è‚¡ç¥¨æŠ•èµ„é¡¾é—®Agent\Finance\Financial-MCP-Agent\reports\error_report_èŒ…å°_600519_20260131_161206.md
2026-01-31 16:21:55 - src.agents.summary_agent - INFO - ğŸ”„ SummaryAgent: Starting to consolidate analyses.
2026-01-31 16:21:55 - src.agents.summary_agent - INFO - ğŸ”„ SummaryAgent: Using model choice: api
2026-01-31 16:21:55 - src.agents.summary_agent - INFO - ğŸ”„ SummaryAgent: Using OpenAI API...
2026-01-31 16:21:55 - src.agents.summary_agent - INFO - ğŸ”„ SummaryAgent: Creating ChatOpenAI with model deepseek-chat
2026-01-31 16:22:51 - src.agents.summary_agent - INFO - æˆªæ–­æŠ¥å‘Šåœ¨'åˆ†æåŸºå‡†æ—¶é—´'è¡Œä¹‹åï¼Œæˆªæ–­ä½ç½®: 3073
2026-01-31 16:22:51 - src.agents.summary_agent - INFO - âœ“ SummaryAgent: Final report generated for èŒ…å° (sh.600519).
2026-01-31 16:22:51 - src.agents.summary_agent - DEBUG - Final report preview: # è´µå·èŒ…å° (sh.600519) ç»¼åˆåˆ†ææŠ¥å‘Š

**åˆ†æåŸºå‡†æ—¥æœŸï¼š2026å¹´01æœˆ31æ—¥ (2026-01-31) æ˜ŸæœŸå…­ 16:21:50**

## æ‰§è¡Œæ‘˜è¦
åŸºäºæˆªè‡³2026å¹´1æœˆ31æ—¥çš„å…¬å¼€ä¿¡æ¯ï¼Œæœ¬æŠ¥å‘Šæ—¨åœ¨å¯¹è´µå·èŒ…å°è¿›è¡Œæ¡†æ¶æ€§åˆ†æã€‚ç”±äºæœ¬æ¬¡åˆ†æè¯·æ±‚æœªèƒ½è·å–åˆ°å…·ä½“çš„è´¢åŠ¡ã€æŠ€æœ¯ã€ä¼°å€¼åŠæ–°é—»æ•°æ®ï¼ŒæŠ¥å‘Šå°†ä¸»è¦åŸºäºè´µå·èŒ…å°ä½œä¸ºä¸­å›½é«˜ç«¯ç™½é…’é¾™å¤´çš„æ™®éè®¤çŸ¥å’Œè¡Œä¸šåœ°ä½è¿›è¡Œç»“æ„æ€§é˜è¿°ã€‚è´µå·èŒ…å°æ‹¥æœ‰å¼ºå¤§çš„å“ç‰ŒæŠ¤åŸæ²³ã€ç¨€ç¼ºçš„äº§èƒ½å’Œå®šä»·æƒï¼Œé•¿æœŸè¢«è§†ä¸ºAè‚¡å¸‚åœºçš„æ ¸å¿ƒèµ„äº§ã€‚ç„¶è€Œï¼Œå…¶å½“å‰ä¼°å€¼æ°´å¹³ã€çŸ­æœŸä¸šç»©å¢é€Ÿã€å¸‚åœºæƒ…ç»ªåŠæŠ€æœ¯èµ°åŠ¿ç­‰å…³é”®æŠ•èµ„å†³ç­–è¦ç´ ï¼Œåœ¨æœ¬æŠ¥å‘Šä¸­æ— æ³•è¿›è¡Œé‡åŒ–è¯„ä¼°ã€‚å› æ­¤ï¼Œ**æ— æ³•æä¾›æ˜ç¡®çš„æŠ•èµ„å»ºè®®ã€...
2026-01-31 16:22:51 - src.agents.summary_agent - INFO - âœ“ SummaryAgent: Report saved to C:\Users\nings\Downloads\è‚¡ç¥¨æŠ•èµ„é¡¾é—®Agent\Finance\Financial-MCP-Agent\reports\report_èŒ…å°_600519_20260131_162251.md
2026-01-31 21:30:02 - src.agents.summary_agent - INFO - ğŸ”„ SummaryAgent: Starting to consolidate analyses.
2026-01-31 21:30:02 - src.agents.summary_agent - INFO - ğŸ”„ SummaryAgent: Using model choice: api
2026-01-31 21:30:02 - src.agents.summary_agent - INFO - ğŸ”„ SummaryAgent: Using OpenAI API...
2026-01-31 21:30:02 - src.agents.summary_agent - INFO - ğŸ”„ SummaryAgent: Creating ChatOpenAI with model deepseek-chat
2026-01-31 21:30:18 - src.agents.summary_agent - ERROR - âœ— SummaryAgent: Error generating final report: Connection error.
Traceback (most recent call last):
  File "C:\ProgramData\anaconda3\Lib\site-packages\httpx\_transports\default.py", line 101, in map_httpcore_exceptions
    yield
  File "C:\ProgramData\anaconda3\Lib\site-packages\httpx\_transports\default.py", line 394, in handle_async_request
    resp = await self._pool.handle_async_request(req)
           ^^^^^^^^^^^^^^^^^^^^^^^^^^^^^^^^^^^^^^^^^^
  File "C:\ProgramData\anaconda3\Lib\site-packages\httpcore\_async\connection_pool.py", line 256, in handle_async_request
    raise exc from None
  File "C:\ProgramData\anaconda3\Lib\site-packages\httpcore\_async\connection_pool.py", line 236, in handle_async_request
    response = await connection.handle_async_request(
               ^^^^^^^^^^^^^^^^^^^^^^^^^^^^^^^^^^^^^^
  File "C:\ProgramData\anaconda3\Lib\site-packages\httpcore\_async\http_proxy.py", line 316, in handle_async_request
    stream = await stream.start_tls(**kwargs)
             ^^^^^^^^^^^^^^^^^^^^^^^^^^^^^^^^
  File "C:\ProgramData\anaconda3\Lib\site-packages\httpcore\_async\http11.py", line 376, in start_tls
    return await self._stream.start_tls(ssl_context, server_hostname, timeout)
           ^^^^^^^^^^^^^^^^^^^^^^^^^^^^^^^^^^^^^^^^^^^^^^^^^^^^^^^^^^^^^^^^^^^
  File "C:\ProgramData\anaconda3\Lib\site-packages\httpcore\_backends\anyio.py", line 67, in start_tls
    with map_exceptions(exc_map):
  File "C:\ProgramData\anaconda3\Lib\contextlib.py", line 155, in __exit__
    self.gen.throw(typ, value, traceback)
  File "C:\ProgramData\anaconda3\Lib\site-packages\httpcore\_exceptions.py", line 14, in map_exceptions
    raise to_exc(exc) from exc
httpcore.ConnectError

The above exception was the direct cause of the following exception:

Traceback (most recent call last):
  File "C:\ProgramData\anaconda3\Lib\site-packages\openai\_base_client.py", line 1529, in request
    response = await self._client.send(
               ^^^^^^^^^^^^^^^^^^^^^^^^
  File "C:\ProgramData\anaconda3\Lib\site-packages\httpx\_client.py", line 1629, in send
    response = await self._send_handling_auth(
               ^^^^^^^^^^^^^^^^^^^^^^^^^^^^^^^
  File "C:\ProgramData\anaconda3\Lib\site-packages\httpx\_client.py", line 1657, in _send_handling_auth
    response = await self._send_handling_redirects(
               ^^^^^^^^^^^^^^^^^^^^^^^^^^^^^^^^^^^^
  File "C:\ProgramData\anaconda3\Lib\site-packages\httpx\_client.py", line 1694, in _send_handling_redirects
    response = await self._send_single_request(request)
               ^^^^^^^^^^^^^^^^^^^^^^^^^^^^^^^^^^^^^^^^
  File "C:\ProgramData\anaconda3\Lib\site-packages\httpx\_client.py", line 1730, in _send_single_request
    response = await transport.handle_async_request(request)
               ^^^^^^^^^^^^^^^^^^^^^^^^^^^^^^^^^^^^^^^^^^^^^
  File "C:\ProgramData\anaconda3\Lib\site-packages\httpx\_transports\default.py", line 393, in handle_async_request
    with map_httpcore_exceptions():
  File "C:\ProgramData\anaconda3\Lib\contextlib.py", line 155, in __exit__
    self.gen.throw(typ, value, traceback)
  File "C:\ProgramData\anaconda3\Lib\site-packages\httpx\_transports\default.py", line 118, in map_httpcore_exceptions
    raise mapped_exc(message) from exc
httpx.ConnectError

The above exception was the direct cause of the following exception:

Traceback (most recent call last):
  File "C:\Users\nings\Downloads\è‚¡ç¥¨æŠ•èµ„é¡¾é—®Agent\Finance\Financial-MCP-Agent\src\agents\summary_agent.py", line 414, in summary_agent
    llm_message = await llm.ainvoke(summary_prompt_messages)
                  ^^^^^^^^^^^^^^^^^^^^^^^^^^^^^^^^^^^^^^^^^^
  File "C:\ProgramData\anaconda3\Lib\site-packages\langchain_core\language_models\chat_models.py", line 405, in ainvoke
    llm_result = await self.agenerate_prompt(
                 ^^^^^^^^^^^^^^^^^^^^^^^^^^^^
  File "C:\ProgramData\anaconda3\Lib\site-packages\langchain_core\language_models\chat_models.py", line 1017, in agenerate_prompt
    return await self.agenerate(
           ^^^^^^^^^^^^^^^^^^^^^
  File "C:\ProgramData\anaconda3\Lib\site-packages\langchain_core\language_models\chat_models.py", line 975, in agenerate
    raise exceptions[0]
  File "C:\ProgramData\anaconda3\Lib\site-packages\langchain_core\language_models\chat_models.py", line 1145, in _agenerate_with_cache
    result = await self._agenerate(
             ^^^^^^^^^^^^^^^^^^^^^^
  File "C:\ProgramData\anaconda3\Lib\site-packages\langchain_openai\chat_models\base.py", line 1414, in _agenerate
    response = await self.async_client.create(**payload)
               ^^^^^^^^^^^^^^^^^^^^^^^^^^^^^^^^^^^^^^^^^
  File "C:\ProgramData\anaconda3\Lib\site-packages\openai\resources\chat\completions\completions.py", line 2585, in create
    return await self._post(
           ^^^^^^^^^^^^^^^^^
  File "C:\ProgramData\anaconda3\Lib\site-packages\openai\_base_client.py", line 1794, in post
    return await self.request(cast_to, opts, stream=stream, stream_cls=stream_cls)
           ^^^^^^^^^^^^^^^^^^^^^^^^^^^^^^^^^^^^^^^^^^^^^^^^^^^^^^^^^^^^^^^^^^^^^^^
  File "C:\ProgramData\anaconda3\Lib\site-packages\openai\_base_client.py", line 1561, in request
    raise APIConnectionError(request=request) from err
openai.APIConnectionError: Connection error.
2026-01-31 21:30:18 - src.agents.summary_agent - INFO - âœ— SummaryAgent: Error report saved to C:\Users\nings\Downloads\è‚¡ç¥¨æŠ•èµ„é¡¾é—®Agent\Finance\Financial-MCP-Agent\reports\error_report_èŒ…å°_600519_20260131_213018.md
2026-01-31 21:46:30 - src.agents.summary_agent - INFO - ğŸ”„ SummaryAgent: Starting to consolidate analyses.
2026-01-31 21:46:30 - src.agents.summary_agent - INFO - ğŸ”„ SummaryAgent: Using model choice: api
2026-01-31 21:46:30 - src.agents.summary_agent - INFO - ğŸ”„ SummaryAgent: Using OpenAI API...
2026-01-31 21:46:30 - src.agents.summary_agent - INFO - ğŸ”„ SummaryAgent: Creating ChatOpenAI with model deepseek-chat
2026-01-31 21:49:13 - src.agents.summary_agent - ERROR - âœ— SummaryAgent: Error generating final report: Connection error.
Traceback (most recent call last):
  File "C:\ProgramData\anaconda3\Lib\site-packages\httpx\_transports\default.py", line 101, in map_httpcore_exceptions
    yield
  File "C:\ProgramData\anaconda3\Lib\site-packages\httpx\_transports\default.py", line 271, in __aiter__
    async for part in self._httpcore_stream:
  File "C:\ProgramData\anaconda3\Lib\site-packages\httpcore\_async\connection_pool.py", line 407, in __aiter__
    raise exc from None
  File "C:\ProgramData\anaconda3\Lib\site-packages\httpcore\_async\connection_pool.py", line 403, in __aiter__
    async for part in self._stream:
  File "C:\ProgramData\anaconda3\Lib\site-packages\httpcore\_async\http11.py", line 342, in __aiter__
    raise exc
  File "C:\ProgramData\anaconda3\Lib\site-packages\httpcore\_async\http11.py", line 334, in __aiter__
    async for chunk in self._connection._receive_response_body(**kwargs):
  File "C:\ProgramData\anaconda3\Lib\site-packages\httpcore\_async\http11.py", line 203, in _receive_response_body
    event = await self._receive_event(timeout=timeout)
            ^^^^^^^^^^^^^^^^^^^^^^^^^^^^^^^^^^^^^^^^^^
  File "C:\ProgramData\anaconda3\Lib\site-packages\httpcore\_async\http11.py", line 213, in _receive_event
    with map_exceptions({h11.RemoteProtocolError: RemoteProtocolError}):
  File "C:\ProgramData\anaconda3\Lib\contextlib.py", line 155, in __exit__
    self.gen.throw(typ, value, traceback)
  File "C:\ProgramData\anaconda3\Lib\site-packages\httpcore\_exceptions.py", line 14, in map_exceptions
    raise to_exc(exc) from exc
httpcore.RemoteProtocolError: peer closed connection without sending complete message body (incomplete chunked read)

The above exception was the direct cause of the following exception:

Traceback (most recent call last):
  File "C:\ProgramData\anaconda3\Lib\site-packages\openai\_base_client.py", line 1529, in request
    response = await self._client.send(
               ^^^^^^^^^^^^^^^^^^^^^^^^
  File "C:\ProgramData\anaconda3\Lib\site-packages\httpx\_client.py", line 1643, in send
    raise exc
  File "C:\ProgramData\anaconda3\Lib\site-packages\httpx\_client.py", line 1637, in send
    await response.aread()
  File "C:\ProgramData\anaconda3\Lib\site-packages\httpx\_models.py", line 979, in aread
    self._content = b"".join([part async for part in self.aiter_bytes()])
                             ^^^^^^^^^^^^^^^^^^^^^^^^^^^^^^^^^^^^^^^^^^^
  File "C:\ProgramData\anaconda3\Lib\site-packages\httpx\_models.py", line 979, in <listcomp>
    self._content = b"".join([part async for part in self.aiter_bytes()])
                             ^^^^^^^^^^^^^^^^^^^^^^^^^^^^^^^^^^^^^^^^^^^
  File "C:\ProgramData\anaconda3\Lib\site-packages\httpx\_models.py", line 997, in aiter_bytes
    async for raw_bytes in self.aiter_raw():
  File "C:\ProgramData\anaconda3\Lib\site-packages\httpx\_models.py", line 1055, in aiter_raw
    async for raw_stream_bytes in self.stream:
  File "C:\ProgramData\anaconda3\Lib\site-packages\httpx\_client.py", line 176, in __aiter__
    async for chunk in self._stream:
  File "C:\ProgramData\anaconda3\Lib\site-packages\httpx\_transports\default.py", line 270, in __aiter__
    with map_httpcore_exceptions():
  File "C:\ProgramData\anaconda3\Lib\contextlib.py", line 155, in __exit__
    self.gen.throw(typ, value, traceback)
  File "C:\ProgramData\anaconda3\Lib\site-packages\httpx\_transports\default.py", line 118, in map_httpcore_exceptions
    raise mapped_exc(message) from exc
httpx.RemoteProtocolError: peer closed connection without sending complete message body (incomplete chunked read)

The above exception was the direct cause of the following exception:

Traceback (most recent call last):
  File "C:\Users\nings\Downloads\è‚¡ç¥¨æŠ•èµ„é¡¾é—®Agent\Finance\Financial-MCP-Agent\src\agents\summary_agent.py", line 414, in summary_agent
    llm_message = await llm.ainvoke(summary_prompt_messages)
                  ^^^^^^^^^^^^^^^^^^^^^^^^^^^^^^^^^^^^^^^^^^
  File "C:\ProgramData\anaconda3\Lib\site-packages\langchain_core\language_models\chat_models.py", line 405, in ainvoke
    llm_result = await self.agenerate_prompt(
                 ^^^^^^^^^^^^^^^^^^^^^^^^^^^^
  File "C:\ProgramData\anaconda3\Lib\site-packages\langchain_core\language_models\chat_models.py", line 1017, in agenerate_prompt
    return await self.agenerate(
           ^^^^^^^^^^^^^^^^^^^^^
  File "C:\ProgramData\anaconda3\Lib\site-packages\langchain_core\language_models\chat_models.py", line 975, in agenerate
    raise exceptions[0]
  File "C:\ProgramData\anaconda3\Lib\site-packages\langchain_core\language_models\chat_models.py", line 1145, in _agenerate_with_cache
    result = await self._agenerate(
             ^^^^^^^^^^^^^^^^^^^^^^
  File "C:\ProgramData\anaconda3\Lib\site-packages\langchain_openai\chat_models\base.py", line 1414, in _agenerate
    response = await self.async_client.create(**payload)
               ^^^^^^^^^^^^^^^^^^^^^^^^^^^^^^^^^^^^^^^^^
  File "C:\ProgramData\anaconda3\Lib\site-packages\openai\resources\chat\completions\completions.py", line 2585, in create
    return await self._post(
           ^^^^^^^^^^^^^^^^^
  File "C:\ProgramData\anaconda3\Lib\site-packages\openai\_base_client.py", line 1794, in post
    return await self.request(cast_to, opts, stream=stream, stream_cls=stream_cls)
           ^^^^^^^^^^^^^^^^^^^^^^^^^^^^^^^^^^^^^^^^^^^^^^^^^^^^^^^^^^^^^^^^^^^^^^^
  File "C:\ProgramData\anaconda3\Lib\site-packages\openai\_base_client.py", line 1561, in request
    raise APIConnectionError(request=request) from err
openai.APIConnectionError: Connection error.
2026-01-31 21:49:13 - src.agents.summary_agent - INFO - âœ— SummaryAgent: Error report saved to C:\Users\nings\Downloads\è‚¡ç¥¨æŠ•èµ„é¡¾é—®Agent\Finance\Financial-MCP-Agent\reports\error_report_èŒ…å°_600519_20260131_214913.md
2026-01-31 21:59:33 - src.agents.summary_agent - INFO - ğŸ”„ SummaryAgent: Starting to consolidate analyses.
2026-01-31 21:59:33 - src.agents.summary_agent - INFO - ğŸ”„ SummaryAgent: Using model choice: api
2026-01-31 21:59:33 - src.agents.summary_agent - INFO - ğŸ”„ SummaryAgent: Using OpenAI API...
2026-01-31 21:59:33 - src.agents.summary_agent - INFO - ğŸ”„ SummaryAgent: Creating ChatOpenAI with model deepseek-chat
2026-01-31 22:00:49 - src.agents.summary_agent - INFO - æˆªæ–­æŠ¥å‘Šåœ¨æ—¶é—´ä¿¡æ¯è¡Œä¹‹åï¼Œæˆªæ–­ä½ç½®: 75
2026-01-31 22:00:49 - src.agents.summary_agent - INFO - âœ“ SummaryAgent: Final report generated for èŒ…å° (sh.600519).
2026-01-31 22:00:49 - src.agents.summary_agent - DEBUG - Final report preview: # è´µå·èŒ…å° (sh.600519) ç»¼åˆåˆ†ææŠ¥å‘Š

**åˆ†æåŸºå‡†æ—¥æœŸï¼š2026å¹´01æœˆ31æ—¥ (2026-01-31) æ˜ŸæœŸå…­ 21:57:38**...
2026-01-31 22:00:49 - src.agents.summary_agent - INFO - âœ“ SummaryAgent: Report saved to C:\Users\nings\Downloads\è‚¡ç¥¨æŠ•èµ„é¡¾é—®Agent\Finance\Financial-MCP-Agent\reports\report_èŒ…å°_600519_20260131_220049.md
2026-01-31 22:03:11 - src.agents.summary_agent - INFO - ğŸ”„ SummaryAgent: Starting to consolidate analyses.
2026-01-31 22:03:11 - src.agents.summary_agent - INFO - ğŸ”„ SummaryAgent: Using model choice: api
2026-01-31 22:03:11 - src.agents.summary_agent - INFO - ğŸ”„ SummaryAgent: Using OpenAI API...
2026-01-31 22:03:11 - src.agents.summary_agent - INFO - ğŸ”„ SummaryAgent: Creating ChatOpenAI with model deepseek-chat
2026-01-31 22:04:18 - src.agents.summary_agent - INFO - æˆªæ–­æŠ¥å‘Šåœ¨'åˆ†æåŸºå‡†æ—¶é—´'è¡Œä¹‹åï¼Œæˆªæ–­ä½ç½®: 3665
2026-01-31 22:04:18 - src.agents.summary_agent - INFO - âœ“ SummaryAgent: Final report generated for èŒ…å° (sh.600519).
2026-01-31 22:04:18 - src.agents.summary_agent - DEBUG - Final report preview: # è´µå·èŒ…å°(sh.600519) ç»¼åˆåˆ†ææŠ¥å‘Š

**åˆ†æåŸºå‡†æ—¥æœŸï¼š2026å¹´01æœˆ31æ—¥ (2026-01-31) æ˜ŸæœŸå…­ 22:01:42**

## æ‰§è¡Œæ‘˜è¦
åŸºäºæˆªè‡³2026å¹´1æœˆ31æ—¥çš„æŠ€æœ¯åˆ†æä¸æ–°é—»åˆ†æï¼Œè´µå·èŒ…å°å½“å‰è‚¡ä»·å¤„äºè¿‘ä¸€å¹´æ¥çš„ç›¸å¯¹ä½ä½ï¼ŒæŠ€æœ¯é¢å‘ˆç°çŸ­æœŸä¸‹é™è¶‹åŠ¿ã€‚å…¬å¸æ­£ç§¯ææ¨è¿›ä»·æ ¼ä½“ç³»ä¸æ¸ é“å¸‚åœºåŒ–æ”¹é©ï¼Œæ—¨åœ¨æ‰©å¤§æ¶ˆè´¹åŸºç¡€å¹¶ä¼˜åŒ–è¿è¥ï¼Œé•¿æœŸæˆ˜ç•¥æ–¹å‘æ˜ç¡®ã€‚ç„¶è€Œï¼ŒåŸºæœ¬é¢ä¸ä¼°å€¼æ•°æ®å› æŠ€æœ¯åŸå› æš‚æ—¶ç¼ºå¤±ï¼Œéœ€ç»“åˆåç»­è´¢æŠ¥è¿›è¡ŒéªŒè¯ã€‚ç»¼åˆæ¥çœ‹ï¼Œå…¬å¸å¼ºå¤§çš„å“ç‰ŒæŠ¤åŸæ²³å’Œç§¯æçš„æ”¹é©ä¸¾æªæ„æˆé•¿æœŸåˆ©å¥½ï¼Œä½†çŸ­æœŸé¢ä¸´æŠ€æœ¯é¢è°ƒæ•´å’Œæ”¹é©é˜µç—›æœŸçš„å‹åŠ›ã€‚

**é£é™©ç­‰çº§ï¼šä¸­ç­‰**ï¼ˆä¸»è¦é£é™©æ¥è‡ªæ”¹é©æ‰§è¡Œæ•ˆæœã€å®è§‚ç»æµå¯¹é«˜...
2026-01-31 22:04:18 - src.agents.summary_agent - INFO - âœ“ SummaryAgent: Report saved to C:\Users\nings\Downloads\è‚¡ç¥¨æŠ•èµ„é¡¾é—®Agent\Finance\Financial-MCP-Agent\reports\report_èŒ…å°_600519_20260131_220418.md
2026-01-31 22:31:52 - src.agents.summary_agent - INFO - ğŸ”„ SummaryAgent: Starting to consolidate analyses.
2026-01-31 22:31:52 - src.agents.summary_agent - INFO - ğŸ”„ SummaryAgent: Using model choice: api
2026-01-31 22:31:52 - src.agents.summary_agent - INFO - ğŸ”„ SummaryAgent: Using OpenAI API...
2026-01-31 22:31:52 - src.agents.summary_agent - INFO - ğŸ”„ SummaryAgent: Creating ChatOpenAI with model deepseek-chat
